  Game.cpp
  BattleState.cpp
  Grid.cpp
C:\Users\Hong Jian\Documents\cppvs\TowerOfSaviors\TowerOfSaviors\Grid.cpp(5,12): warning C4244: 'argument': conversion from 'time_t' to 'unsigned int', possible loss of data
C:\Users\Hong Jian\Documents\cppvs\TowerOfSaviors\TowerOfSaviors\Grid.cpp(186,39): warning C4244: 'argument': conversion from 'int' to 'float', possible loss of data
C:\Users\Hong Jian\Documents\cppvs\TowerOfSaviors\TowerOfSaviors\Grid.cpp(186,34): warning C4244: 'argument': conversion from 'int' to 'float', possible loss of data
C:\Users\Hong Jian\Documents\cppvs\TowerOfSaviors\TowerOfSaviors\Grid.cpp(187,52): warning C4244: 'argument': conversion from 'T' to 'float', possible loss of data
          with
          [
              T=int
          ]
C:\Users\Hong Jian\Documents\cppvs\TowerOfSaviors\TowerOfSaviors\Grid.cpp(187,37): warning C4244: 'argument': conversion from 'T' to 'float', possible loss of data
          with
          [
              T=int
          ]
  main.cpp
  MainMenuState.cpp
C:\Users\Hong Jian\Documents\cppvs\TowerOfSaviors\TowerOfSaviors\MainMenuState.cpp(37,77): warning C4244: 'argument': conversion from 'int' to 'T', possible loss of data
          with
          [
              T=float
          ]
C:\Users\Hong Jian\Documents\cppvs\TowerOfSaviors\TowerOfSaviors\MainMenuState.cpp(37,60): warning C4244: 'argument': conversion from 'int' to 'T', possible loss of data
          with
          [
              T=float
          ]
  TeamSelectionState.cpp
C:\Users\Hong Jian\Documents\cppvs\TowerOfSaviors\TowerOfSaviors\TeamSelectionState.cpp(19,37): warning C4305: 'argument': truncation from 'double' to 'float'
C:\Users\Hong Jian\Documents\cppvs\TowerOfSaviors\TowerOfSaviors\TeamSelectionState.cpp(80,37): warning C4244: 'argument': conversion from 'int' to 'float', possible loss of data
C:\Users\Hong Jian\Documents\cppvs\TowerOfSaviors\TowerOfSaviors\TeamSelectionState.cpp(80,34): warning C4244: 'argument': conversion from 'int' to 'float', possible loss of data
C:\Users\Hong Jian\Documents\cppvs\TowerOfSaviors\TowerOfSaviors\TeamSelectionState.cpp(109,79): warning C4244: 'argument': conversion from 'int' to 'T', possible loss of data
          with
          [
              T=float
          ]
C:\Users\Hong Jian\Documents\cppvs\TowerOfSaviors\TowerOfSaviors\TeamSelectionState.cpp(109,62): warning C4244: 'argument': conversion from 'int' to 'T', possible loss of data
          with
          [
              T=float
          ]
C:\Users\Hong Jian\Documents\cppvs\TowerOfSaviors\TowerOfSaviors\TeamSelectionState.cpp(131,87): warning C4244: 'argument': conversion from 'int' to 'T', possible loss of data
          with
          [
              T=float
          ]
C:\Users\Hong Jian\Documents\cppvs\TowerOfSaviors\TowerOfSaviors\TeamSelectionState.cpp(131,70): warning C4244: 'argument': conversion from 'int' to 'T', possible loss of data
          with
          [
              T=float
          ]
C:\Users\Hong Jian\Documents\cppvs\TowerOfSaviors\TowerOfSaviors\TeamSelectionState.cpp(144,79): warning C4244: 'argument': conversion from 'int' to 'T', possible loss of data
          with
          [
              T=float
          ]
C:\Users\Hong Jian\Documents\cppvs\TowerOfSaviors\TowerOfSaviors\TeamSelectionState.cpp(144,62): warning C4244: 'argument': conversion from 'int' to 'T', possible loss of data
          with
          [
              T=float
          ]
C:\Users\Hong Jian\Documents\cppvs\TowerOfSaviors\TowerOfSaviors\TeamSelectionState.cpp(185,71): warning C4244: 'argument': conversion from 'int' to 'float', possible loss of data
  Generating Code...
C:\Users\Hong Jian\Documents\cppvs\TowerOfSaviors\TowerOfSaviors\TeamSelectionState.cpp(211): warning C4715: 'TeamSelectionState::check_selected': not all control paths return a value
  TowerOfSaviors.vcxproj -> C:\Users\Hong Jian\Documents\cppvs\TowerOfSaviors\Debug\TowerOfSaviors.exe
